<?xml version="1.0" encoding="UTF-8"?>
<testng-results skipped="0" failed="0" ignored="0" total="1" passed="1">
  <reporter-output>
  </reporter-output>
  <suite name="Default suite" duration-ms="17060" started-at="2020-11-30T15:51:04 IST" finished-at="2020-11-30T15:51:21 IST">
    <groups>
    </groups>
    <test name="Default test" duration-ms="17060" started-at="2020-11-30T15:51:04 IST" finished-at="2020-11-30T15:51:21 IST">
      <class name="encript">
        <test-method status="PASS" signature="login()[pri:0, instance:encript@7b49cea0]" name="login" duration-ms="17009" started-at="2020-11-30T15:51:04 IST" finished-at="2020-11-30T15:51:21 IST">
          <reporter-output>
          </reporter-output>
        </test-method> <!-- login -->
      </class> <!-- encript -->
    </test> <!-- Default test -->
  </suite> <!-- Default suite -->
</testng-results>
